This file contains any messages produced by compilers while
running configure, to aid debugging if configure makes a mistake.

It was created by libusb-compat configure 0.1.5, which was
generated by GNU Autoconf 2.69.  Invocation command line was

  $ ./configure --prefix=/usr --disable-static

## --------- ##
## Platform. ##
## --------- ##

hostname = bokuweb-thinkpad
uname -m = x86_64
uname -r = 5.3.0-42-generic
uname -s = Linux
uname -v = #34-Ubuntu SMP Fri Feb 28 05:49:40 UTC 2020

/usr/bin/uname -p = unknown
/bin/uname -X     = unknown

/bin/arch              = unknown
/usr/bin/arch -k       = unknown
/usr/convex/getsysinfo = unknown
/usr/bin/hostinfo      = unknown
/bin/machine           = unknown
/usr/bin/oslevel       = unknown
/bin/universe          = unknown

PATH: /home/bokuweb/.wasmtime/bin
PATH: /home/bokuweb/go/bin
PATH: /home/bokuweb/.linuxbrew/bin
PATH: /home/bokuweb/.wasmtime/bin
PATH: /home/bokuweb/.nvm/versions/node/v13.3.0/bin
PATH: /home/bokuweb/go/bin
PATH: /home/bokuweb/.linuxbrew/bin
PATH: /home/bokuweb/.cargo/bin
PATH: /home/linuxbrew/.linuxbrew/bin
PATH: /home/linuxbrew/.linuxbrew/sbin
PATH: /home/bokuweb/.cargo/bin
PATH: /home/linuxbrew/.linuxbrew/bin
PATH: /home/linuxbrew/.linuxbrew/sbin
PATH: /home/bokuweb/bin
PATH: /usr/local/sbin
PATH: /usr/local/bin
PATH: /usr/sbin
PATH: /usr/bin
PATH: /sbin
PATH: /bin
PATH: /usr/games
PATH: /usr/local/games
PATH: /snap/bin
PATH: /home/bokuweb/bin
PATH: /sbin
PATH: /usr/sbin
PATH: /usr/local/bin
PATH: /home/bokuweb/bin
PATH: /sbin
PATH: /usr/sbin
PATH: /usr/local/bin


## ----------- ##
## Core tests. ##
## ----------- ##

configure:2184: checking for a BSD-compatible install
configure:2252: result: /usr/bin/install -c
configure:2263: checking whether build environment is sane
configure:2318: result: yes
configure:2467: checking for a thread-safe mkdir -p
configure:2506: result: /bin/mkdir -p
configure:2513: checking for gawk
configure:2529: found /usr/bin/gawk
configure:2540: result: gawk
configure:2551: checking whether make sets $(MAKE)
configure:2573: result: yes
configure:2602: checking whether make supports nested variables
configure:2619: result: yes
configure:2752: checking for gcc
configure:2768: found /home/linuxbrew/.linuxbrew/bin/gcc
configure:2779: result: gcc
configure:3008: checking for C compiler version
configure:3017: gcc --version >&5
gcc (Homebrew gcc 5.5.0_4) 5.5.0
Copyright (C) 2015 Free Software Foundation, Inc.
This is free software; see the source for copying conditions.  There is NO
warranty; not even for MERCHANTABILITY or FITNESS FOR A PARTICULAR PURPOSE.

configure:3028: $? = 0
configure:3017: gcc -v >&5
Reading specs from /home/linuxbrew/.linuxbrew/Cellar/gcc/5.5.0_4/lib/gcc/x86_64-unknown-linux-gnu/5.5.0/specs
COLLECT_GCC=gcc
COLLECT_LTO_WRAPPER=/home/linuxbrew/.linuxbrew/Cellar/gcc/5.5.0_4/libexec/gcc/x86_64-unknown-linux-gnu/5.5.0/lto-wrapper
Target: x86_64-unknown-linux-gnu
Configured with: ../configure --with-isl=/home/linuxbrew/.linuxbrew/opt/isl@0.18 --with-bugurl=https://github.com/Linuxbrew/homebrew-core/issues --prefix=/home/linuxbrew/.linuxbrew/Cellar/gcc/5.5.0_4 --enable-languages=c,c++,objc,obj-c++,fortran --program-suffix=-5 --with-gmp=/home/linuxbrew/.linuxbrew/opt/gmp --with-mpfr=/home/linuxbrew/.linuxbrew/opt/mpfr --with-mpc=/home/linuxbrew/.linuxbrew/opt/libmpc --enable-stage1-checking --enable-checking=release --enable-lto --with-build-config=bootstrap-debug --disable-werror --with-pkgversion='Homebrew gcc 5.5.0_4' --with-boot-ldflags='-static-libstdc++ -static-libgcc ' --disable-nls --disable-multilib
Thread model: posix
gcc version 5.5.0 (Homebrew gcc 5.5.0_4) 
configure:3028: $? = 0
configure:3017: gcc -V >&5
gcc: error: unrecognized command line option '-V'
gcc: fatal error: no input files
compilation terminated.
configure:3028: $? = 1
configure:3017: gcc -qversion >&5
gcc: error: unrecognized command line option '-qversion'
gcc: fatal error: no input files
compilation terminated.
configure:3028: $? = 1
configure:3048: checking whether the C compiler works
configure:3070: gcc    conftest.c  >&5
configure:3074: $? = 0
configure:3122: result: yes
configure:3125: checking for C compiler default output file name
configure:3127: result: a.out
configure:3133: checking for suffix of executables
configure:3140: gcc -o conftest    conftest.c  >&5
configure:3144: $? = 0
configure:3166: result: 
configure:3188: checking whether we are cross compiling
configure:3196: gcc -o conftest    conftest.c  >&5
configure:3200: $? = 0
configure:3207: ./conftest
configure:3211: $? = 0
configure:3199: result: no
configure:3204: checking for suffix of object files
configure:3226: gcc -c   conftest.c >&5
configure:3230: $? = 0
configure:3251: result: o
configure:3255: checking whether we are using the GNU C compiler
configure:3274: gcc -c   conftest.c >&5
configure:3274: $? = 0
configure:3283: result: yes
configure:3292: checking whether gcc accepts -g
configure:3312: gcc -c -g  conftest.c >&5
configure:3312: $? = 0
configure:3353: result: yes
configure:3370: checking for gcc option to accept ISO C89
configure:3433: gcc  -c -g -O2  conftest.c >&5
configure:3433: $? = 0
configure:3446: result: none needed
configure:3477: checking for style of include used by make
configure:3505: result: GNU
configure:3531: checking dependency style of gcc
configure:3642: result: gcc3
configure:3686: checking build system type
configure:3700: result: x86_64-unknown-linux-gnu
configure:3720: checking host system type
configure:3733: result: x86_64-unknown-linux-gnu
configure:3774: checking how to print strings
configure:3801: result: printf
configure:3822: checking for a sed that does not truncate output
configure:3886: result: /bin/sed
configure:3904: checking for grep that handles long lines and -e
configure:3962: result: /bin/grep
configure:3967: checking for egrep
configure:4029: result: /bin/grep -E
configure:4034: checking for fgrep
configure:4096: result: /bin/grep -F
configure:4131: checking for ld used by gcc
configure:4198: result: /usr/bin/ld
configure:4205: checking if the linker (/usr/bin/ld) is GNU ld
configure:4220: result: yes
configure:4232: checking for BSD- or MS-compatible name lister (nm)
configure:4281: result: /usr/bin/nm -B
configure:4411: checking the name lister (/usr/bin/nm -B) interface
configure:4418: gcc -c -g -O2  conftest.c >&5
configure:4421: /usr/bin/nm -B "conftest.o"
configure:4424: output
0000000000000000 B some_variable
configure:4425: result: BSD nm
configure:4428: checking whether ln -s works
configure:4432: result: yes
configure:4440: checking the maximum length of command line arguments
configure:4570: result: 1572864
configure:4587: checking whether the shell understands some XSI constructs
configure:4596: result: yes
configure:4600: checking whether the shell understands "+="
configure:4604: result: yes
configure:4639: checking how to convert x86_64-unknown-linux-gnu file names to x86_64-unknown-linux-gnu format
configure:4679: result: func_convert_file_noop
configure:4686: checking how to convert x86_64-unknown-linux-gnu file names to toolchain format
configure:4706: result: func_convert_file_noop
configure:4713: checking for /usr/bin/ld option to reload object files
configure:4720: result: -r
configure:4794: checking for objdump
configure:4810: found /usr/bin/objdump
configure:4821: result: objdump
configure:4853: checking how to recognize dependent libraries
configure:5055: result: pass_all
configure:5140: checking for dlltool
configure:5170: result: no
configure:5200: checking how to associate runtime and link libraries
configure:5227: result: printf %s\n
configure:5288: checking for ar
configure:5304: found /usr/bin/ar
configure:5315: result: ar
configure:5352: checking for archiver @FILE support
configure:5369: gcc -c -g -O2  conftest.c >&5
configure:5369: $? = 0
configure:5372: ar cru libconftest.a @conftest.lst >&5
ar: `u' modifier ignored since `D' is the default (see `U')
configure:5375: $? = 0
configure:5380: ar cru libconftest.a @conftest.lst >&5
ar: `u' modifier ignored since `D' is the default (see `U')
ar: conftest.o: No such file or directory
configure:5383: $? = 1
configure:5382: result: @
configure:5440: checking for strip
configure:5456: found /usr/bin/strip
configure:5467: result: strip
configure:5539: checking for ranlib
configure:5555: found /usr/bin/ranlib
configure:5566: result: ranlib
configure:5668: checking command to parse /usr/bin/nm -B output from gcc object
configure:5788: gcc -c -g -O2  conftest.c >&5
configure:5791: $? = 0
configure:5795: /usr/bin/nm -B conftest.o \| sed -n -e 's/^.*[ ]\([ABCDGIRSTW][ABCDGIRSTW]*\)[ ][ ]*\([_A-Za-z][_A-Za-z0-9]*\)$/\1 \2 \2/p' | sed '/ __gnu_lto/d' \> conftest.nm
configure:5798: $? = 0
configure:5864: gcc -o conftest -g -O2   conftest.c conftstm.o >&5
configure:5867: $? = 0
configure:5905: result: ok
configure:5942: checking for sysroot
configure:5972: result: no
configure:6049: gcc -c -g -O2  conftest.c >&5
configure:6052: $? = 0
configure:6228: checking for mt
configure:6244: found /bin/mt
configure:6255: result: mt
configure:6278: checking if mt is a manifest tool
configure:6284: mt '-?'
configure:6292: result: no
configure:6934: checking how to run the C preprocessor
configure:6965: gcc -E  conftest.c
configure:6965: $? = 0
configure:6979: gcc -E  conftest.c
conftest.c:11:28: fatal error: ac_nonexistent.h: No such file or directory
compilation terminated.
configure:6979: $? = 1
configure: failed program was:
| /* confdefs.h */
| #define PACKAGE_NAME "libusb-compat"
| #define PACKAGE_TARNAME "libusb-compat"
| #define PACKAGE_VERSION "0.1.5"
| #define PACKAGE_STRING "libusb-compat 0.1.5"
| #define PACKAGE_BUGREPORT ""
| #define PACKAGE_URL ""
| #define PACKAGE "libusb-compat"
| #define VERSION "0.1.5"
| /* end confdefs.h.  */
| #include <ac_nonexistent.h>
configure:7004: result: gcc -E
configure:7024: gcc -E  conftest.c
configure:7024: $? = 0
configure:7038: gcc -E  conftest.c
conftest.c:11:28: fatal error: ac_nonexistent.h: No such file or directory
compilation terminated.
configure:7038: $? = 1
configure: failed program was:
| /* confdefs.h */
| #define PACKAGE_NAME "libusb-compat"
| #define PACKAGE_TARNAME "libusb-compat"
| #define PACKAGE_VERSION "0.1.5"
| #define PACKAGE_STRING "libusb-compat 0.1.5"
| #define PACKAGE_BUGREPORT ""
| #define PACKAGE_URL ""
| #define PACKAGE "libusb-compat"
| #define VERSION "0.1.5"
| /* end confdefs.h.  */
| #include <ac_nonexistent.h>
configure:7067: checking for ANSI C header files
configure:7087: gcc -c -g -O2  conftest.c >&5
configure:7087: $? = 0
configure:7160: gcc -o conftest -g -O2   conftest.c  >&5
configure:7160: $? = 0
configure:7160: ./conftest
configure:7160: $? = 0
configure:7171: result: yes
configure:7184: checking for sys/types.h
configure:7184: gcc -c -g -O2  conftest.c >&5
configure:7184: $? = 0
configure:7184: result: yes
configure:7184: checking for sys/stat.h
configure:7184: gcc -c -g -O2  conftest.c >&5
configure:7184: $? = 0
configure:7184: result: yes
configure:7184: checking for stdlib.h
configure:7184: gcc -c -g -O2  conftest.c >&5
configure:7184: $? = 0
configure:7184: result: yes
configure:7184: checking for string.h
configure:7184: gcc -c -g -O2  conftest.c >&5
configure:7184: $? = 0
configure:7184: result: yes
configure:7184: checking for memory.h
configure:7184: gcc -c -g -O2  conftest.c >&5
configure:7184: $? = 0
configure:7184: result: yes
configure:7184: checking for strings.h
configure:7184: gcc -c -g -O2  conftest.c >&5
configure:7184: $? = 0
configure:7184: result: yes
configure:7184: checking for inttypes.h
configure:7184: gcc -c -g -O2  conftest.c >&5
configure:7184: $? = 0
configure:7184: result: yes
configure:7184: checking for stdint.h
configure:7184: gcc -c -g -O2  conftest.c >&5
configure:7184: $? = 0
configure:7184: result: yes
configure:7184: checking for unistd.h
configure:7184: gcc -c -g -O2  conftest.c >&5
configure:7184: $? = 0
configure:7184: result: yes
configure:7198: checking for dlfcn.h
configure:7198: gcc -c -g -O2  conftest.c >&5
configure:7198: $? = 0
configure:7198: result: yes
configure:7404: checking for objdir
configure:7419: result: .libs
configure:7690: checking if gcc supports -fno-rtti -fno-exceptions
configure:7708: gcc -c -g -O2  -fno-rtti -fno-exceptions conftest.c >&5
cc1: warning: command line option '-fno-rtti' is valid for C++/ObjC++ but not for C
configure:7712: $? = 0
configure:7725: result: no
configure:8052: checking for gcc option to produce PIC
configure:8059: result: -fPIC -DPIC
configure:8067: checking if gcc PIC flag -fPIC -DPIC works
configure:8085: gcc -c -g -O2  -fPIC -DPIC -DPIC conftest.c >&5
configure:8089: $? = 0
configure:8102: result: yes
configure:8131: checking if gcc static flag -static works
configure:8159: result: yes
configure:8174: checking if gcc supports -c -o file.o
configure:8195: gcc -c -g -O2  -o out/conftest2.o conftest.c >&5
configure:8199: $? = 0
configure:8221: result: yes
configure:8229: checking if gcc supports -c -o file.o
configure:8276: result: yes
configure:8309: checking whether the gcc linker (/usr/bin/ld -m elf_x86_64) supports shared libraries
configure:9462: result: yes
configure:9499: checking whether -lc should be explicitly linked in
configure:9507: gcc -c -g -O2  conftest.c >&5
configure:9510: $? = 0
configure:9525: gcc -shared  -fPIC -DPIC conftest.o  -v -Wl,-soname -Wl,conftest -o conftest 2\>\&1 \| /bin/grep  -lc  \>/dev/null 2\>\&1
configure:9528: $? = 0
configure:9542: result: no
configure:9702: checking dynamic linker characteristics
configure:10213: gcc -o conftest -g -O2   -Wl,-rpath -Wl,/foo conftest.c  >&5
configure:10213: $? = 0
configure:10435: result: GNU/Linux ld.so
configure:10542: checking how to hardcode library paths into programs
configure:10567: result: immediate
configure:11107: checking whether stripping libraries is possible
configure:11112: result: yes
configure:11147: checking if libtool supports shared libraries
configure:11149: result: yes
configure:11152: checking whether to build shared libraries
configure:11173: result: yes
configure:11176: checking whether to build static libraries
configure:11180: result: no
configure:8227: checking for inline
configure:8243: gcc -c -g -O2  conftest.c >&5
configure:8243: $? = 0
configure:8251: result: inline
configure:8270: checking whether gcc and cc understand -c and -o together
configure:8301: gcc -c conftest.c -o conftest2.o >&5
configure:8305: $? = 0
configure:8311: gcc -c conftest.c -o conftest2.o >&5
configure:8315: $? = 0
configure:8326: cc -c conftest.c >&5
configure:8330: $? = 0
configure:8338: cc -c conftest.c -o conftest2.o >&5
configure:8342: $? = 0
configure:8348: cc -c conftest.c -o conftest2.o >&5
configure:8352: $? = 0
configure:8370: result: yes
configure:8462: checking for pkg-config
configure:8480: found /usr/bin/pkg-config
configure:8492: result: /usr/bin/pkg-config
configure:8517: checking pkg-config is at least version 0.9.0
configure:8520: result: yes
configure:8530: checking for LIBUSB_1_0
configure:8537: $PKG_CONFIG --exists --print-errors "libusb-1.0 >= 0.9.1"
configure:8540: $? = 0
configure:8554: $PKG_CONFIG --exists --print-errors "libusb-1.0 >= 0.9.1"
configure:8557: $? = 0
configure:8615: result: yes
configure:8680: gcc -c -g -O2 -fgnu89-inline  conftest.c >&5
configure:8680: $? = 0
configure:8800: checking that generated files are newer than configure
configure:8806: result: done
configure:8833: creating ./config.status

## ---------------------- ##
## Running config.status. ##
## ---------------------- ##

This file was extended by libusb-compat config.status 0.1.5, which was
generated by GNU Autoconf 2.69.  Invocation command line was

  CONFIG_FILES    = 
  CONFIG_HEADERS  = 
  CONFIG_LINKS    = 
  CONFIG_COMMANDS = 
  $ ./config.status 

on bokuweb-thinkpad

config.status:1096: creating libusb.pc
config.status:1096: creating libusb-config
config.status:1096: creating Makefile
config.status:1096: creating libusb/Makefile
config.status:1096: creating examples/Makefile
config.status:1096: creating config.h
config.status:1325: executing depfiles commands
config.status:1325: executing libtool commands
config.status:1325: executing default commands

## ---------------- ##
## Cache variables. ##
## ---------------- ##

ac_cv_build=x86_64-unknown-linux-gnu
ac_cv_c_compiler_gnu=yes
ac_cv_c_inline=inline
ac_cv_env_CC_set=
ac_cv_env_CC_value=
ac_cv_env_CFLAGS_set=
ac_cv_env_CFLAGS_value=
ac_cv_env_CPPFLAGS_set=
ac_cv_env_CPPFLAGS_value=
ac_cv_env_CPP_set=
ac_cv_env_CPP_value=
ac_cv_env_LDFLAGS_set=
ac_cv_env_LDFLAGS_value=
ac_cv_env_LIBS_set=
ac_cv_env_LIBS_value=
ac_cv_env_LIBUSB_1_0_CFLAGS_set=
ac_cv_env_LIBUSB_1_0_CFLAGS_value=
ac_cv_env_LIBUSB_1_0_LIBS_set=
ac_cv_env_LIBUSB_1_0_LIBS_value=
ac_cv_env_PKG_CONFIG_LIBDIR_set=
ac_cv_env_PKG_CONFIG_LIBDIR_value=
ac_cv_env_PKG_CONFIG_PATH_set=
ac_cv_env_PKG_CONFIG_PATH_value=
ac_cv_env_PKG_CONFIG_set=
ac_cv_env_PKG_CONFIG_value=
ac_cv_env_build_alias_set=
ac_cv_env_build_alias_value=
ac_cv_env_host_alias_set=
ac_cv_env_host_alias_value=
ac_cv_env_target_alias_set=
ac_cv_env_target_alias_value=
ac_cv_header_dlfcn_h=yes
ac_cv_header_inttypes_h=yes
ac_cv_header_memory_h=yes
ac_cv_header_stdc=yes
ac_cv_header_stdint_h=yes
ac_cv_header_stdlib_h=yes
ac_cv_header_string_h=yes
ac_cv_header_strings_h=yes
ac_cv_header_sys_stat_h=yes
ac_cv_header_sys_types_h=yes
ac_cv_header_unistd_h=yes
ac_cv_host=x86_64-unknown-linux-gnu
ac_cv_objext=o
ac_cv_path_EGREP='/bin/grep -E'
ac_cv_path_FGREP='/bin/grep -F'
ac_cv_path_GREP=/bin/grep
ac_cv_path_SED=/bin/sed
ac_cv_path_ac_pt_PKG_CONFIG=/usr/bin/pkg-config
ac_cv_path_install='/usr/bin/install -c'
ac_cv_path_mkdir=/bin/mkdir
ac_cv_prog_AWK=gawk
ac_cv_prog_CPP='gcc -E'
ac_cv_prog_ac_ct_AR=ar
ac_cv_prog_ac_ct_CC=gcc
ac_cv_prog_ac_ct_MANIFEST_TOOL=mt
ac_cv_prog_ac_ct_OBJDUMP=objdump
ac_cv_prog_ac_ct_RANLIB=ranlib
ac_cv_prog_ac_ct_STRIP=strip
ac_cv_prog_cc_c89=
ac_cv_prog_cc_g=yes
ac_cv_prog_cc_gcc_c_o=yes
ac_cv_prog_make_make_set=yes
am_cv_CC_dependencies_compiler_type=gcc3
am_cv_make_support_nested_variables=yes
lt_cv_ar_at_file=@
lt_cv_archive_cmds_need_lc=no
lt_cv_deplibs_check_method=pass_all
lt_cv_file_magic_cmd='$MAGIC_CMD'
lt_cv_file_magic_test_file=
lt_cv_ld_reload_flag=-r
lt_cv_nm_interface='BSD nm'
lt_cv_objdir=.libs
lt_cv_path_LD=/usr/bin/ld
lt_cv_path_NM='/usr/bin/nm -B'
lt_cv_path_mainfest_tool=no
lt_cv_prog_compiler_c_o=yes
lt_cv_prog_compiler_pic='-fPIC -DPIC'
lt_cv_prog_compiler_pic_works=yes
lt_cv_prog_compiler_rtti_exceptions=no
lt_cv_prog_compiler_static_works=yes
lt_cv_prog_gnu_ld=yes
lt_cv_sharedlib_from_linklib_cmd='printf %s\n'
lt_cv_shlibpath_overrides_runpath=yes
lt_cv_sys_global_symbol_pipe='sed -n -e '\''s/^.*[	 ]\([ABCDGIRSTW][ABCDGIRSTW]*\)[	 ][	 ]*\([_A-Za-z][_A-Za-z0-9]*\)$/\1 \2 \2/p'\'' | sed '\''/ __gnu_lto/d'\'''
lt_cv_sys_global_symbol_to_c_name_address='sed -n -e '\''s/^: \([^ ]*\)[ ]*$/  {\"\1\", (void *) 0},/p'\'' -e '\''s/^[ABCDGIRSTW]* \([^ ]*\) \([^ ]*\)$/  {"\2", (void *) \&\2},/p'\'''
lt_cv_sys_global_symbol_to_c_name_address_lib_prefix='sed -n -e '\''s/^: \([^ ]*\)[ ]*$/  {\"\1\", (void *) 0},/p'\'' -e '\''s/^[ABCDGIRSTW]* \([^ ]*\) \(lib[^ ]*\)$/  {"\2", (void *) \&\2},/p'\'' -e '\''s/^[ABCDGIRSTW]* \([^ ]*\) \([^ ]*\)$/  {"lib\2", (void *) \&\2},/p'\'''
lt_cv_sys_global_symbol_to_cdecl='sed -n -e '\''s/^T .* \(.*\)$/extern int \1();/p'\'' -e '\''s/^[ABCDGIRSTW]* .* \(.*\)$/extern char \1;/p'\'''
lt_cv_sys_max_cmd_len=1572864
lt_cv_to_host_file_cmd=func_convert_file_noop
lt_cv_to_tool_file_cmd=func_convert_file_noop
pkg_cv_LIBUSB_1_0_CFLAGS=-I/usr/include/libusb-1.0
pkg_cv_LIBUSB_1_0_LIBS=-lusb-1.0

## ----------------- ##
## Output variables. ##
## ----------------- ##

ACLOCAL='${SHELL} /home/bokuweb/ghq/github.com/bokuweb/gba-sandbox/libusb-compat-0.1.5/missing aclocal-1.13'
AMDEPBACKSLASH='\'
AMDEP_FALSE='#'
AMDEP_TRUE=''
AMTAR='$${TAR-tar}'
AM_BACKSLASH='\'
AM_CFLAGS='-std=gnu99 -fgnu89-inline -Wall -Wundef -Wunused -Wstrict-prototypes -Werror-implicit-function-declaration -Wno-pointer-sign -Wshadow'
AM_DEFAULT_V='$(AM_DEFAULT_VERBOSITY)'
AM_DEFAULT_VERBOSITY='1'
AM_V='$(V)'
AR='ar'
AUTOCONF='${SHELL} /home/bokuweb/ghq/github.com/bokuweb/gba-sandbox/libusb-compat-0.1.5/missing autoconf'
AUTOHEADER='${SHELL} /home/bokuweb/ghq/github.com/bokuweb/gba-sandbox/libusb-compat-0.1.5/missing autoheader'
AUTOMAKE='${SHELL} /home/bokuweb/ghq/github.com/bokuweb/gba-sandbox/libusb-compat-0.1.5/missing automake-1.13'
AWK='gawk'
BUILD_EXAMPLES_FALSE=''
BUILD_EXAMPLES_TRUE='#'
CC='gcc'
CCDEPMODE='depmode=gcc3'
CFLAGS='-g -O2'
CPP='gcc -E'
CPPFLAGS=''
CYGPATH_W='echo'
DEFS='-DHAVE_CONFIG_H'
DEPDIR='.deps'
DLLTOOL='false'
DSYMUTIL=''
DUMPBIN=''
ECHO_C=''
ECHO_N='-n'
ECHO_T=''
EGREP='/bin/grep -E'
EXEEXT=''
FGREP='/bin/grep -F'
GREP='/bin/grep'
INSTALL_DATA='${INSTALL} -m 644'
INSTALL_PROGRAM='${INSTALL}'
INSTALL_SCRIPT='${INSTALL}'
INSTALL_STRIP_PROGRAM='$(install_sh) -c -s'
LD='/usr/bin/ld -m elf_x86_64'
LDFLAGS=''
LIBOBJS=''
LIBS=''
LIBTOOL='$(SHELL) $(top_builddir)/libtool'
LIBUSB01_VERSION='0.1.12'
LIBUSB_1_0_CFLAGS='-I/usr/include/libusb-1.0'
LIBUSB_1_0_LIBS='-lusb-1.0'
LIPO=''
LN_S='ln -s'
LTLIBOBJS=''
LT_AGE='4'
LT_MAJOR='8'
LT_REVISION='4'
MAKEINFO='${SHELL} /home/bokuweb/ghq/github.com/bokuweb/gba-sandbox/libusb-compat-0.1.5/missing makeinfo'
MANIFEST_TOOL=':'
MKDIR_P='/bin/mkdir -p'
NM='/usr/bin/nm -B'
NMEDIT=''
OBJDUMP='objdump'
OBJEXT='o'
OTOOL64=''
OTOOL=''
PACKAGE='libusb-compat'
PACKAGE_BUGREPORT=''
PACKAGE_NAME='libusb-compat'
PACKAGE_STRING='libusb-compat 0.1.5'
PACKAGE_TARNAME='libusb-compat'
PACKAGE_URL=''
PACKAGE_VERSION='0.1.5'
PATH_SEPARATOR=':'
PKG_CONFIG='/usr/bin/pkg-config'
PKG_CONFIG_LIBDIR=''
PKG_CONFIG_PATH=''
RANLIB='ranlib'
SED='/bin/sed'
SET_MAKE=''
SHELL='/bin/bash'
STRIP='strip'
VERSION='0.1.5'
ac_ct_AR='ar'
ac_ct_CC='gcc'
ac_ct_DUMPBIN=''
am__EXEEXT_FALSE=''
am__EXEEXT_TRUE='#'
am__fastdepCC_FALSE='#'
am__fastdepCC_TRUE=''
am__include='include'
am__isrc=''
am__leading_dot='.'
am__nodep='_no'
am__quote=''
am__tar='$${TAR-tar} chof - "$$tardir"'
am__untar='$${TAR-tar} xf -'
bindir='${exec_prefix}/bin'
build='x86_64-unknown-linux-gnu'
build_alias=''
build_cpu='x86_64'
build_os='linux-gnu'
build_vendor='unknown'
datadir='${datarootdir}'
datarootdir='${prefix}/share'
docdir='${datarootdir}/doc/${PACKAGE_TARNAME}'
dvidir='${docdir}'
exec_prefix='${prefix}'
host='x86_64-unknown-linux-gnu'
host_alias=''
host_cpu='x86_64'
host_os='linux-gnu'
host_vendor='unknown'
htmldir='${docdir}'
includedir='${prefix}/include'
infodir='${datarootdir}/info'
install_sh='${SHELL} /home/bokuweb/ghq/github.com/bokuweb/gba-sandbox/libusb-compat-0.1.5/install-sh'
libdir='${exec_prefix}/lib'
libexecdir='${exec_prefix}/libexec'
localedir='${datarootdir}/locale'
localstatedir='${prefix}/var'
mandir='${datarootdir}/man'
mkdir_p='$(MKDIR_P)'
oldincludedir='/usr/include'
pdfdir='${docdir}'
prefix='/usr'
program_transform_name='s,x,x,'
psdir='${docdir}'
sbindir='${exec_prefix}/sbin'
sharedstatedir='${prefix}/com'
sysconfdir='${prefix}/etc'
target_alias=''

## ----------- ##
## confdefs.h. ##
## ----------- ##

/* confdefs.h */
#define PACKAGE_NAME "libusb-compat"
#define PACKAGE_TARNAME "libusb-compat"
#define PACKAGE_VERSION "0.1.5"
#define PACKAGE_STRING "libusb-compat 0.1.5"
#define PACKAGE_BUGREPORT ""
#define PACKAGE_URL ""
#define PACKAGE "libusb-compat"
#define VERSION "0.1.5"
#define STDC_HEADERS 1
#define HAVE_SYS_TYPES_H 1
#define HAVE_SYS_STAT_H 1
#define HAVE_STDLIB_H 1
#define HAVE_STRING_H 1
#define HAVE_MEMORY_H 1
#define HAVE_STRINGS_H 1
#define HAVE_INTTYPES_H 1
#define HAVE_STDINT_H 1
#define HAVE_UNISTD_H 1
#define HAVE_DLFCN_H 1
#define LT_OBJDIR ".libs/"
#define ENABLE_LOGGING 1
#define API_EXPORTED __attribute__((visibility("default")))

configure: exit 0
